
  .   ____          _            __ _ _
 /\\ / ___'_ __ _ _(_)_ __  __ _ \ \ \ \
( ( )\___ | '_ | '_| | '_ \/ _` | \ \ \ \
 \\/  ___)| |_)| | | | | || (_| |  ) ) ) )
  '  |____| .__|_| |_|_| |_\__, | / / / /
 =========|_|==============|___/=/_/_/_/

 :: Spring Boot ::                (v3.5.0)

2025-12-27T12:23:21.499+05:30  INFO 21600 --- [assignment] [           main] com.hotwax.AssignmentApplication         : Starting AssignmentApplication v0.0.1-SNAPSHOT using Java 25.0.1 with PID 21600 (/Users/waggishplayer/hot-wax/assignment/target/assignment-0.0.1-SNAPSHOT.jar started by waggishplayer in /Users/waggishplayer/hot-wax/assignment)
2025-12-27T12:23:21.500+05:30  INFO 21600 --- [assignment] [           main] com.hotwax.AssignmentApplication         : No active profile set, falling back to 1 default profile: "default"
2025-12-27T12:23:21.891+05:30  INFO 21600 --- [assignment] [           main] .s.d.r.c.RepositoryConfigurationDelegate : Bootstrapping Spring Data JPA repositories in DEFAULT mode.
2025-12-27T12:23:21.918+05:30  INFO 21600 --- [assignment] [           main] .s.d.r.c.RepositoryConfigurationDelegate : Finished Spring Data repository scanning in 21 ms. Found 6 JPA repository interfaces.
2025-12-27T12:23:22.166+05:30  INFO 21600 --- [assignment] [           main] o.s.b.w.embedded.tomcat.TomcatWebServer  : Tomcat initialized with port 8080 (http)
2025-12-27T12:23:22.173+05:30  INFO 21600 --- [assignment] [           main] o.apache.catalina.core.StandardService   : Starting service [Tomcat]
2025-12-27T12:23:22.173+05:30  INFO 21600 --- [assignment] [           main] o.apache.catalina.core.StandardEngine    : Starting Servlet engine: [Apache Tomcat/10.1.41]
2025-12-27T12:23:22.184+05:30  INFO 21600 --- [assignment] [           main] o.a.c.c.C.[Tomcat].[localhost].[/]       : Initializing Spring embedded WebApplicationContext
2025-12-27T12:23:22.184+05:30  INFO 21600 --- [assignment] [           main] w.s.c.ServletWebServerApplicationContext : Root WebApplicationContext: initialization completed in 655 ms
2025-12-27T12:23:22.261+05:30  INFO 21600 --- [assignment] [           main] o.hibernate.jpa.internal.util.LogHelper  : HHH000204: Processing PersistenceUnitInfo [name: default]
2025-12-27T12:23:22.286+05:30  INFO 21600 --- [assignment] [           main] org.hibernate.Version                    : HHH000412: Hibernate ORM core version 6.6.15.Final
2025-12-27T12:23:22.301+05:30  INFO 21600 --- [assignment] [           main] o.h.c.internal.RegionFactoryInitiator    : HHH000026: Second-level cache disabled
2025-12-27T12:23:22.417+05:30  INFO 21600 --- [assignment] [           main] o.s.o.j.p.SpringPersistenceUnitInfo      : No LoadTimeWeaver setup: ignoring JPA class transformer
2025-12-27T12:23:22.428+05:30  INFO 21600 --- [assignment] [           main] com.zaxxer.hikari.HikariDataSource       : HikariPool-1 - Starting...
2025-12-27T12:23:22.618+05:30  INFO 21600 --- [assignment] [           main] com.zaxxer.hikari.pool.HikariPool        : HikariPool-1 - Added connection com.mysql.cj.jdbc.ConnectionImpl@778113f2
2025-12-27T12:23:22.618+05:30  INFO 21600 --- [assignment] [           main] com.zaxxer.hikari.HikariDataSource       : HikariPool-1 - Start completed.
2025-12-27T12:23:22.657+05:30  INFO 21600 --- [assignment] [           main] org.hibernate.orm.connections.pooling    : HHH10001005: Database info:
	Database JDBC URL [Connecting through datasource 'HikariDataSource (HikariPool-1)']
	Database driver: undefined/unknown
	Database version: 9.5
	Autocommit mode: undefined/unknown
	Isolation level: undefined/unknown
	Minimum pool size: undefined/unknown
	Maximum pool size: undefined/unknown
2025-12-27T12:23:23.026+05:30  INFO 21600 --- [assignment] [           main] o.h.e.t.j.p.i.JtaPlatformInitiator       : HHH000489: No JTA platform available (set 'hibernate.transaction.jta.platform' to enable JTA platform integration)
2025-12-27T12:23:23.076+05:30  INFO 21600 --- [assignment] [           main] j.LocalContainerEntityManagerFactoryBean : Initialized JPA EntityManagerFactory for persistence unit 'default'
2025-12-27T12:23:23.253+05:30  INFO 21600 --- [assignment] [           main] o.s.b.a.w.s.WelcomePageHandlerMapping    : Adding welcome page: class path resource [static/index.html]
2025-12-27T12:23:23.317+05:30  WARN 21600 --- [assignment] [           main] .s.s.UserDetailsServiceAutoConfiguration : 

Using generated security password: 4c8af1bd-fb80-42b3-aa65-b0b4f3e2caeb

This generated password is for development use only. Your security configuration must be updated before running your application in production.

2025-12-27T12:23:23.321+05:30  INFO 21600 --- [assignment] [           main] r$InitializeUserDetailsManagerConfigurer : Global AuthenticationManager configured with UserDetailsService bean with name inMemoryUserDetailsManager
2025-12-27T12:23:23.437+05:30  WARN 21600 --- [assignment] [           main] ConfigServletWebServerApplicationContext : Exception encountered during context initialization - cancelling refresh attempt: org.springframework.context.ApplicationContextException: Failed to start bean 'webServerStartStop'
2025-12-27T12:23:23.438+05:30  INFO 21600 --- [assignment] [           main] j.LocalContainerEntityManagerFactoryBean : Closing JPA EntityManagerFactory for persistence unit 'default'
2025-12-27T12:23:23.439+05:30  INFO 21600 --- [assignment] [           main] com.zaxxer.hikari.HikariDataSource       : HikariPool-1 - Shutdown initiated...
2025-12-27T12:23:23.441+05:30  INFO 21600 --- [assignment] [           main] com.zaxxer.hikari.HikariDataSource       : HikariPool-1 - Shutdown completed.
2025-12-27T12:23:23.447+05:30  INFO 21600 --- [assignment] [           main] .s.b.a.l.ConditionEvaluationReportLogger : 

Error starting ApplicationContext. To display the condition evaluation report re-run your application with 'debug' enabled.
2025-12-27T12:23:23.452+05:30 ERROR 21600 --- [assignment] [           main] o.s.b.d.LoggingFailureAnalysisReporter   : 

***************************
APPLICATION FAILED TO START
***************************

Description:

Web server failed to start. Port 8080 was already in use.

Action:

Identify and stop the process that's listening on port 8080 or configure this application to listen on another port.

